<?xml version='1.0' encoding='utf-8'?>
<testsuite name="com.qmetry.qaf.automation.step.client.Scenario" tests="1" time="0.253"
  timestamp="25 Apr 2024 14:04:02 GMT" hostname="Unknown Hostname" failures="0" errors="0"
  skipped="1">
  <testcase name="SampleTest33" time="0.253"
    classname="com.qmetry.qaf.automation.step.client.Scenario">
    <skipped />
  </testcase>
</testsuite>